<?xml version="1.0" encoding="UTF-8"?>
<testsuite xmlns:xsi="http://www.w3.org/2001/XMLSchema-instance" xsi:noNamespaceSchemaLocation="https://maven.apache.org/surefire/maven-surefire-plugin/xsd/surefire-test-report-3.0.xsd" version="3.0" name="org.factoriaf5.TollStationTest" time="0.087" tests="3" errors="0" skipped="0" failures="0">
  <properties>
[...]
</properties>
  <testcase name="testPrintSummary" classname="org.factoriaf5.TollStationTest" time="0.038">
    <system-out><![CDATA[Vehicle added:  (License: ABC123) - Toll: $5
Vehicle added:  (License: ABC123) - Toll: $5

Toll Station: Main Street in Springfield
Vehicles Processed:
-  (License: ABC123)
-  (License: ABC123)
Total Toll Collected: $10
]]></system-out>
  </testcase>
  <testcase name="testAddVehicle" classname="org.factoriaf5.TollStationTest" time="0.016">
    <system-out><![CDATA[Vehicle added:  (License: ABC123) - Toll: $5
]]></system-out>
  </testcase>
  <testcase name="testAddMultipleVehicles" classname="org.factoriaf5.TollStationTest" time="0.002">
    <system-out><![CDATA[Vehicle added:  (License: ABC123) - Toll: $5
Vehicle added:  (License: XYZ789) - Toll: $10
]]></system-out>
  </testcase>
</testsuite>